Release 14.5 - xst P.58f (nt64)
Copyright (c) 1995-2012 Xilinx, Inc.  All rights reserved.
--> Parameter TMPDIR set to xst/projnav.tmp


Total REAL time to Xst completion: 1.00 secs
Total CPU time to Xst completion: 0.37 secs
 
--> Parameter xsthdpdir set to xst


Total REAL time to Xst completion: 1.00 secs
Total CPU time to Xst completion: 0.38 secs
 
--> Reading design: decoder_module.prj

TABLE OF CONTENTS
  1) Synthesis Options Summary
  2) HDL Parsing
  3) HDL Elaboration
  4) HDL Synthesis
       4.1) HDL Synthesis Report
  5) Advanced HDL Synthesis
       5.1) Advanced HDL Synthesis Report
  6) Low Level Synthesis
  7) Partition Report
  8) Design Summary
       8.1) Primitive and Black Box Usage
       8.2) Device utilization summary
       8.3) Partition Resource Summary
       8.4) Timing Report
            8.4.1) Clock Information
            8.4.2) Asynchronous Control Signals Information
            8.4.3) Timing Summary
            8.4.4) Timing Details
            8.4.5) Cross Clock Domains Report


=========================================================================
*                      Synthesis Options Summary                        *
=========================================================================
---- Source Parameters
Input File Name                    : "decoder_module.prj"
Ignore Synthesis Constraint File   : NO

---- Target Parameters
Output File Name                   : "decoder_module"
Output Format                      : NGC
Target Device                      : xa7a100t-2I-csg324

---- Source Options
Top Module Name                    : decoder_module
Automatic FSM Extraction           : YES
FSM Encoding Algorithm             : Auto
Safe Implementation                : No
FSM Style                          : LUT
RAM Extraction                     : Yes
RAM Style                          : Auto
ROM Extraction                     : Yes
Shift Register Extraction          : YES
ROM Style                          : Auto
Resource Sharing                   : YES
Asynchronous To Synchronous        : NO
Shift Register Minimum Size        : 2
Use DSP Block                      : Auto
Automatic Register Balancing       : No

---- Target Options
LUT Combining                      : Auto
Reduce Control Sets                : Auto
Add IO Buffers                     : YES
Global Maximum Fanout              : 100000
Add Generic Clock Buffer(BUFG)     : 32
Register Duplication               : YES
Optimize Instantiated Primitives   : NO
Use Clock Enable                   : Auto
Use Synchronous Set                : Auto
Use Synchronous Reset              : Auto
Pack IO Registers into IOBs        : Auto
Equivalent register Removal        : YES

---- General Options
Optimization Goal                  : Speed
Optimization Effort                : 1
Power Reduction                    : NO
Keep Hierarchy                     : No
Netlist Hierarchy                  : As_Optimized
RTL Output                         : Yes
Global Optimization                : AllClockNets
Read Cores                         : YES
Write Timing Constraints           : NO
Cross Clock Analysis               : NO
Hierarchy Separator                : /
Bus Delimiter                      : <>
Case Specifier                     : Maintain
Slice Utilization Ratio            : 100
BRAM Utilization Ratio             : 100
DSP48 Utilization Ratio            : 100
Auto BRAM Packing                  : NO
Slice Utilization Ratio Delta      : 5

=========================================================================


=========================================================================
*                          HDL Parsing                                  *
=========================================================================
Analyzing Verilog file "D:\Desktop\Xilinx ISE Design Suite 14.5\decoder\decoder_module.v" into library work
Parsing module <decoder_module>.

=========================================================================
*                            HDL Elaboration                            *
=========================================================================

Elaborating module <decoder_module>.

=========================================================================
*                           HDL Synthesis                               *
=========================================================================

Synthesizing Unit <decoder_module>.
    Related source file is "D:\Desktop\Xilinx ISE Design Suite 14.5\decoder\decoder_module.v".
WARNING:Xst:647 - Input <instr<31:28>> is never used. This port will be preserved and left unconnected if it belongs to a top-level block or it belongs to a sub-block and the hierarchy of this sub-block is preserved.
WARNING:Xst:647 - Input <flag> is never used. This port will be preserved and left unconnected if it belongs to a top-level block or it belongs to a sub-block and the hierarchy of this sub-block is preserved.
    Register <n> equivalent to <m> has been removed
    Register <regjmp_en> equivalent to <jmp_en> has been removed
    Register <memdata_en> equivalent to <memory_data> has been removed
    Found 2-bit register for signal <op>.
    Found 1-bit register for signal <m>.
    Found 1-bit register for signal <k>.
    Found 1-bit register for signal <jmp_en>.
    Found 24-bit register for signal <imminstr>.
    Found 1-bit register for signal <flag_en>.
    Found 1-bit register for signal <write_data>.
    Found 4-bit register for signal <base>.
    Found 4-bit register for signal <data_reg>.
    Found 1-bit register for signal <memory_data>.
    Found 12-bit register for signal <imminstr_mem>.
    Found 1-bit register for signal <memdata>.
    Found 4-bit register for signal <bits>.
    Found 4x1-bit Read Only RAM for signal <op[1]_GND_1_o_Mux_6_o>
    Summary:
	inferred   1 RAM(s).
	inferred  57 D-type flip-flop(s).
	inferred   3 Multiplexer(s).
Unit <decoder_module> synthesized.

=========================================================================
HDL Synthesis Report

Macro Statistics
# RAMs                                                 : 1
 4x1-bit single-port Read Only RAM                     : 1
# Registers                                            : 13
 1-bit register                                        : 7
 12-bit register                                       : 1
 2-bit register                                        : 1
 24-bit register                                       : 1
 4-bit register                                        : 3
# Multiplexers                                         : 3
 12-bit 2-to-1 multiplexer                             : 1
 4-bit 2-to-1 multiplexer                              : 2

=========================================================================

=========================================================================
*                       Advanced HDL Synthesis                          *
=========================================================================

WARNING:Xst - The specified part-type was not generated at build time. XST is loading the full part-type and will therefore consume more CPU and memory.
Loading device for application Rf_Device from file '7a100t.nph' in environment D:\Games\14.5\ISE_DS\ISE\.
Loading device for application Rf_Device from file '7a100t.nph' in environment D:\Games\14.5\ISE_DS\ISE\.

Synthesizing (advanced) Unit <decoder_module>.
INFO:Xst:3231 - The small RAM <Mram_op[1]_GND_1_o_Mux_6_o> will be implemented on LUTs in order to maximize performance and save block RAM resources. If you want to force its implementation on block, use option/constraint ram_style.
    -----------------------------------------------------------------------
    | ram_type           | Distributed                         |          |
    -----------------------------------------------------------------------
    | Port A                                                              |
    |     aspect ratio   | 4-word x 1-bit                      |          |
    |     weA            | connected to signal <GND>           | high     |
    |     addrA          | connected to signal <op>            |          |
    |     diA            | connected to signal <GND>           |          |
    |     doA            | connected to internal node          |          |
    -----------------------------------------------------------------------
Unit <decoder_module> synthesized (advanced).

=========================================================================
Advanced HDL Synthesis Report

Macro Statistics
# RAMs                                                 : 1
 4x1-bit single-port distributed Read Only RAM         : 1
# Registers                                            : 57
 Flip-Flops                                            : 57
# Multiplexers                                         : 3
 12-bit 2-to-1 multiplexer                             : 1
 4-bit 2-to-1 multiplexer                              : 2

=========================================================================

=========================================================================
*                         Low Level Synthesis                           *
=========================================================================

Optimizing unit <decoder_module> ...

Mapping all equations...
Building and optimizing final netlist ...
Found area constraint ratio of 100 (+ 5) on block decoder_module, actual ratio is 0.
FlipFlop op_1 has been replicated 1 time(s) to handle iob=true attribute.
FlipFlop op_0 has been replicated 1 time(s) to handle iob=true attribute.
FlipFlop bits_3 has been replicated 1 time(s) to handle iob=true attribute.
FlipFlop bits_2 has been replicated 1 time(s) to handle iob=true attribute.
FlipFlop bits_1 has been replicated 1 time(s) to handle iob=true attribute.
FlipFlop bits_0 has been replicated 1 time(s) to handle iob=true attribute.

Final Macro Processing ...

=========================================================================
Final Register Report

Macro Statistics
# Registers                                            : 63
 Flip-Flops                                            : 63

=========================================================================

=========================================================================
*                           Partition Report                            *
=========================================================================

Partition Implementation Status
-------------------------------

  No Partitions were found in this design.

-------------------------------

=========================================================================
*                            Design Summary                             *
=========================================================================

Top Level Output File Name         : decoder_module.ngc

Primitive and Black Box Usage:
------------------------------
# BELS                             : 49
#      LUT2                        : 9
#      LUT3                        : 27
#      LUT4                        : 12
#      LUT6                        : 1
# FlipFlops/Latches                : 63
#      FD                          : 63
# Clock Buffers                    : 1
#      BUFGP                       : 1
# IO Buffers                       : 85
#      IBUF                        : 28
#      OBUF                        : 57

Device utilization summary:
---------------------------

Selected Device : xa7a100tcsg324-2i 


Slice Logic Utilization: 
 Number of Slice Registers:              57  out of  126800     0%  
 Number of Slice LUTs:                   49  out of  63400     0%  
    Number used as Logic:                49  out of  63400     0%  

Slice Logic Distribution: 
 Number of LUT Flip Flop pairs used:     57
   Number with an unused Flip Flop:       0  out of     57     0%  
   Number with an unused LUT:             8  out of     57    14%  
   Number of fully used LUT-FF pairs:    49  out of     57    85%  
   Number of unique control sets:         1

IO Utilization: 
 Number of IOs:                          94
 Number of bonded IOBs:                  86  out of    210    40%  
    IOB Flip Flops/Latches:               6

Specific Feature Utilization:
 Number of BUFG/BUFGCTRL/BUFHCEs:         1  out of    128     0%  

---------------------------
Partition Resource Summary:
---------------------------

  No Partitions were found in this design.

---------------------------


=========================================================================
Timing Report

NOTE: THESE TIMING NUMBERS ARE ONLY A SYNTHESIS ESTIMATE.
      FOR ACCURATE TIMING INFORMATION PLEASE REFER TO THE TRACE REPORT
      GENERATED AFTER PLACE-and-ROUTE.

Clock Information:
------------------
-----------------------------------+------------------------+-------+
Clock Signal                       | Clock buffer(FF name)  | Load  |
-----------------------------------+------------------------+-------+
clk                                | BUFGP                  | 63    |
-----------------------------------+------------------------+-------+

Asynchronous Control Signals Information:
----------------------------------------
No asynchronous control signals found in this design

Timing Summary:
---------------
Speed Grade: -2

   Minimum period: 1.219ns (Maximum Frequency: 820.244MHz)
   Minimum input arrival time before clock: 0.727ns
   Maximum output required time after clock: 0.705ns
   Maximum combinational path delay: No path found

Timing Details:
---------------
All values displayed in nanoseconds (ns)

=========================================================================
Timing constraint: Default period analysis for Clock 'clk'
  Clock period: 1.219ns (frequency: 820.244MHz)
  Total number of paths / destination ports: 109 / 49
-------------------------------------------------------------------------
Delay:               1.219ns (Levels of Logic = 1)
  Source:            bits_1 (FF)
  Destination:       write_data (FF)
  Source Clock:      clk rising
  Destination Clock: clk rising

  Data Path: bits_1 to write_data
                                Gate     Net
    Cell:in->out      fanout   Delay   Delay  Logical Name (Net Name)
    ----------------------------------------  ------------
     FD:C->Q               1   0.361   0.753  bits_1 (bits_1)
     LUT6:I0->O            1   0.097   0.000  write_data_rstpot (write_data_rstpot)
     FD:D                      0.008          write_data
    ----------------------------------------
    Total                      1.219ns (0.466ns logic, 0.753ns route)
                                       (38.2% logic, 61.8% route)

=========================================================================
Timing constraint: Default OFFSET IN BEFORE for Clock 'clk'
  Total number of paths / destination ports: 58 / 58
-------------------------------------------------------------------------
Offset:              0.727ns (Levels of Logic = 2)
  Source:            instr<0> (PAD)
  Destination:       imminstr_mem_0 (FF)
  Destination Clock: clk rising

  Data Path: instr<0> to imminstr_mem_0
                                Gate     Net
    Cell:in->out      fanout   Delay   Delay  Logical Name (Net Name)
    ----------------------------------------  ------------
     IBUF:I->O             2   0.001   0.621  instr_0_IBUF (instr_0_IBUF)
     LUT4:I0->O            1   0.097   0.000  imminstr_mem_0_rstpot (imminstr_mem_0_rstpot)
     FD:D                      0.008          imminstr_mem_0
    ----------------------------------------
    Total                      0.727ns (0.106ns logic, 0.621ns route)
                                       (14.6% logic, 85.4% route)

=========================================================================
Timing constraint: Default OFFSET OUT AFTER for Clock 'clk'
  Total number of paths / destination ports: 57 / 57
-------------------------------------------------------------------------
Offset:              0.705ns (Levels of Logic = 1)
  Source:            jmp_en (FF)
  Destination:       jmp_en (PAD)
  Source Clock:      clk rising

  Data Path: jmp_en to jmp_en
                                Gate     Net
    Cell:in->out      fanout   Delay   Delay  Logical Name (Net Name)
    ----------------------------------------  ------------
     FD:C->Q               2   0.361   0.344  jmp_en (regjmp_en_OBUF)
     OBUF:I->O                 0.000          jmp_en_OBUF (jmp_en)
    ----------------------------------------
    Total                      0.705ns (0.361ns logic, 0.344ns route)
                                       (51.2% logic, 48.8% route)

=========================================================================

Cross Clock Domains Report:
--------------------------

Clock to Setup on destination clock clk
---------------+---------+---------+---------+---------+
               | Src:Rise| Src:Fall| Src:Rise| Src:Fall|
Source Clock   |Dest:Rise|Dest:Rise|Dest:Fall|Dest:Fall|
---------------+---------+---------+---------+---------+
clk            |    1.219|         |         |         |
---------------+---------+---------+---------+---------+

=========================================================================


Total REAL time to Xst completion: 32.00 secs
Total CPU time to Xst completion: 32.21 secs
 
--> 

Total memory usage is 5024672 kilobytes

Number of errors   :    0 (   0 filtered)
Number of warnings :    3 (   0 filtered)
Number of infos    :    1 (   0 filtered)

